<?xml version="1.0" encoding="UTF-8"?>
<!-- Generated by org.testng.reporters.JUnitReportReporter -->
<testsuite skipped="0" hostname="Jasons-MacBook-Pro.local" name="example.NewTest" tests="1" failures="0" timestamp="2021-05-31T11:47:31 CEST" time="1.394" errors="0">
  <testcase name="testEasy" time="1.394" classname="example.NewTest"/>
  <system-out/>
</testsuite> <!-- example.NewTest -->
